<?xml version="1.0" encoding="UTF-8"?>
<!-- Generated by org.testng.reporters.JUnitXMLReporter -->
<testsuite hostname="THSLT10138" ignored="0" name="Default test" tests="52" failures="3" timestamp="2020-06-30T23:05:23 IST" time="9771.812" errors="0">
  <testcase name="TC_C_SU_001_004" time="49.123" classname="com.share.testscript.Registration"/>
  <testcase name="TC_C_SU_003" time="223.955" classname="com.share.testscript.Registration"/>
  <testcase name="TC_C_SU_005" time="91.748" classname="com.share.testscript.Registration"/>
  <testcase name="TC_C_SU_006_007_010_011" time="84.634" classname="com.share.testscript.Registration"/>
  <testcase name="TC_C_SU_006_007_010_011" time="83.326" classname="com.share.testscript.Registration"/>
  <testcase name="TC_C_SU_006_007_010_011" time="95.338" classname="com.share.testscript.Registration"/>
  <testcase name="TC_C_SU_006_007_010_011" time="94.371" classname="com.share.testscript.Registration"/>
  <testcase name="TC_C_SU_006_007_010_011" time="87.835" classname="com.share.testscript.Registration"/>
  <testcase name="TC_C_SU_006_007_010_011" time="84.962" classname="com.share.testscript.Registration"/>
  <testcase name="TC_C_SU_008" time="347.488" classname="com.share.testscript.Registration">
    <failure type="java.lang.NullPointerException">
      <![CDATA[java.lang.NullPointerException
at java.util.regex.Matcher.getTextLength(Unknown Source)
at java.util.regex.Matcher.reset(Unknown Source)
at java.util.regex.Matcher.<init>(Unknown Source)
at java.util.regex.Pattern.matcher(Unknown Source)
at com.aventstack.extentreports.utils.ExceptionUtil.getExceptionHeadline(ExceptionUtil.java:25)
at com.aventstack.extentreports.ExtentTest.log(ExtentTest.java:399)
at com.aventstack.extentreports.ExtentTest.log(ExtentTest.java:418)
at com.share.testscript.Registration.TC_C_SU_008(Registration.java:243)
at sun.reflect.NativeMethodAccessorImpl.invoke0(Native Method)
at sun.reflect.NativeMethodAccessorImpl.invoke(Unknown Source)
at sun.reflect.DelegatingMethodAccessorImpl.invoke(Unknown Source)
at java.lang.reflect.Method.invoke(Unknown Source)
at org.testng.internal.MethodInvocationHelper.invokeMethod(MethodInvocationHelper.java:133)
at org.testng.internal.TestInvoker.invokeMethod(TestInvoker.java:584)
at org.testng.internal.TestInvoker.invokeTestMethod(TestInvoker.java:172)
at org.testng.internal.MethodRunner.runInSequence(MethodRunner.java:46)
at org.testng.internal.TestInvoker$MethodInvocationAgent.invoke(TestInvoker.java:804)
at org.testng.internal.TestInvoker.invokeTestMethods(TestInvoker.java:145)
at org.testng.internal.TestMethodWorker.invokeTestMethods(TestMethodWorker.java:146)
at org.testng.internal.TestMethodWorker.run(TestMethodWorker.java:128)
at java.util.ArrayList.forEach(Unknown Source)
at org.testng.TestRunner.privateRun(TestRunner.java:770)
at org.testng.TestRunner.run(TestRunner.java:591)
at org.testng.SuiteRunner.runTest(SuiteRunner.java:402)
at org.testng.SuiteRunner.runSequentially(SuiteRunner.java:396)
at org.testng.SuiteRunner.privateRun(SuiteRunner.java:355)
at org.testng.SuiteRunner.run(SuiteRunner.java:304)
at org.testng.SuiteRunnerWorker.runSuite(SuiteRunnerWorker.java:53)
at org.testng.SuiteRunnerWorker.run(SuiteRunnerWorker.java:96)
at org.testng.TestNG.runSuitesSequentially(TestNG.java:1180)
at org.testng.TestNG.runSuitesLocally(TestNG.java:1102)
at org.testng.TestNG.runSuites(TestNG.java:1032)
at org.testng.TestNG.run(TestNG.java:1000)
at org.testng.remote.AbstractRemoteTestNG.run(AbstractRemoteTestNG.java:115)
at org.testng.remote.RemoteTestNG.initAndRun(RemoteTestNG.java:251)
at org.testng.remote.RemoteTestNG.main(RemoteTestNG.java:77)
]]>
    </failure>
  </testcase> <!-- TC_C_SU_008 -->
  <testcase name="TC_C_SU_009" time="18.076" classname="com.share.testscript.Registration"/>
  <testcase name="TC_C_SU_012" time="130.988" classname="com.share.testscript.Registration">
    <failure type="java.lang.NullPointerException">
      <![CDATA[java.lang.NullPointerException
at java.util.regex.Matcher.getTextLength(Unknown Source)
at java.util.regex.Matcher.reset(Unknown Source)
at java.util.regex.Matcher.<init>(Unknown Source)
at java.util.regex.Pattern.matcher(Unknown Source)
at com.aventstack.extentreports.utils.ExceptionUtil.getExceptionHeadline(ExceptionUtil.java:25)
at com.aventstack.extentreports.ExtentTest.log(ExtentTest.java:399)
at com.aventstack.extentreports.ExtentTest.log(ExtentTest.java:418)
at com.share.testscript.Registration.TC_C_SU_012(Registration.java:331)
at sun.reflect.NativeMethodAccessorImpl.invoke0(Native Method)
at sun.reflect.NativeMethodAccessorImpl.invoke(Unknown Source)
at sun.reflect.DelegatingMethodAccessorImpl.invoke(Unknown Source)
at java.lang.reflect.Method.invoke(Unknown Source)
at org.testng.internal.MethodInvocationHelper.invokeMethod(MethodInvocationHelper.java:133)
at org.testng.internal.TestInvoker.invokeMethod(TestInvoker.java:584)
at org.testng.internal.TestInvoker.invokeTestMethod(TestInvoker.java:172)
at org.testng.internal.MethodRunner.runInSequence(MethodRunner.java:46)
at org.testng.internal.TestInvoker$MethodInvocationAgent.invoke(TestInvoker.java:804)
at org.testng.internal.TestInvoker.invokeTestMethods(TestInvoker.java:145)
at org.testng.internal.TestMethodWorker.invokeTestMethods(TestMethodWorker.java:146)
at org.testng.internal.TestMethodWorker.run(TestMethodWorker.java:128)
at java.util.ArrayList.forEach(Unknown Source)
at org.testng.TestRunner.privateRun(TestRunner.java:770)
at org.testng.TestRunner.run(TestRunner.java:591)
at org.testng.SuiteRunner.runTest(SuiteRunner.java:402)
at org.testng.SuiteRunner.runSequentially(SuiteRunner.java:396)
at org.testng.SuiteRunner.privateRun(SuiteRunner.java:355)
at org.testng.SuiteRunner.run(SuiteRunner.java:304)
at org.testng.SuiteRunnerWorker.runSuite(SuiteRunnerWorker.java:53)
at org.testng.SuiteRunnerWorker.run(SuiteRunnerWorker.java:96)
at org.testng.TestNG.runSuitesSequentially(TestNG.java:1180)
at org.testng.TestNG.runSuitesLocally(TestNG.java:1102)
at org.testng.TestNG.runSuites(TestNG.java:1032)
at org.testng.TestNG.run(TestNG.java:1000)
at org.testng.remote.AbstractRemoteTestNG.run(AbstractRemoteTestNG.java:115)
at org.testng.remote.RemoteTestNG.initAndRun(RemoteTestNG.java:251)
at org.testng.remote.RemoteTestNG.main(RemoteTestNG.java:77)
]]>
    </failure>
  </testcase> <!-- TC_C_SU_012 -->
  <testcase name="TC_C_SU_013" time="80.28" classname="com.share.testscript.Registration"/>
  <testcase name="TC_C_SU_014" time="85.009" classname="com.share.testscript.Registration"/>
  <testcase name="TC_C_SU_015_to_017_021" time="39.819" classname="com.share.testscript.Registration"/>
  <testcase name="TC_C_SU_015_to_017_021" time="41.174" classname="com.share.testscript.Registration"/>
  <testcase name="TC_C_SU_015_to_017_021" time="36.405" classname="com.share.testscript.Registration"/>
  <testcase name="TC_C_SU_015_to_017_021" time="36.416" classname="com.share.testscript.Registration"/>
  <testcase name="TC_C_SU_015_to_017_021" time="50.12" classname="com.share.testscript.Registration"/>
  <testcase name="TC_C_SU_015_to_017_021" time="42.684" classname="com.share.testscript.Registration"/>
  <testcase name="TC_C_SU_018_to_020_022" time="61.46" classname="com.share.testscript.Registration"/>
  <testcase name="TC_C_SU_018_to_020_022" time="54.102" classname="com.share.testscript.Registration"/>
  <testcase name="TC_C_SU_018_to_020_022" time="48.218" classname="com.share.testscript.Registration"/>
  <testcase name="TC_C_SU_018_to_020_022" time="52.641" classname="com.share.testscript.Registration"/>
  <testcase name="TC_C_SU_018_to_020_022" time="48.551" classname="com.share.testscript.Registration"/>
  <testcase name="TC_C_SU_018_to_020_022" time="58.141" classname="com.share.testscript.Registration"/>
  <testcase name="TC_C_SU_023" time="324.7" classname="com.share.testscript.Registration"/>
  <testcase name="TC_C_SU_024" time="334.499" classname="com.share.testscript.Registration"/>
  <testcase name="TC_C_SU_025" time="326.024" classname="com.share.testscript.Registration"/>
  <testcase name="TC_C_SU_027_to_33" time="325.882" classname="com.share.testscript.Registration"/>
  <testcase name="TC_C_SU_027_to_33" time="324.154" classname="com.share.testscript.Registration"/>
  <testcase name="TC_C_SU_027_to_33" time="326.636" classname="com.share.testscript.Registration"/>
  <testcase name="TC_C_SU_027_to_33" time="329.556" classname="com.share.testscript.Registration"/>
  <testcase name="TC_C_SU_027_to_33" time="326.004" classname="com.share.testscript.Registration"/>
  <testcase name="TC_C_SU_027_to_33" time="326.685" classname="com.share.testscript.Registration"/>
  <testcase name="TC_C_SU_034" time="327.601" classname="com.share.testscript.Registration"/>
  <testcase name="TC_C_SU_035" time="326.071" classname="com.share.testscript.Registration"/>
  <testcase name="TC_C_SU_036" time="256.96" classname="com.share.testscript.Registration">
    <failure type="java.lang.NullPointerException">
      <![CDATA[java.lang.NullPointerException
at java.util.regex.Matcher.getTextLength(Unknown Source)
at java.util.regex.Matcher.reset(Unknown Source)
at java.util.regex.Matcher.<init>(Unknown Source)
at java.util.regex.Pattern.matcher(Unknown Source)
at com.aventstack.extentreports.utils.ExceptionUtil.getExceptionHeadline(ExceptionUtil.java:25)
at com.aventstack.extentreports.ExtentTest.log(ExtentTest.java:399)
at com.aventstack.extentreports.ExtentTest.log(ExtentTest.java:418)
at com.share.testscript.Registration.TC_C_SU_036(Registration.java:974)
at sun.reflect.NativeMethodAccessorImpl.invoke0(Native Method)
at sun.reflect.NativeMethodAccessorImpl.invoke(Unknown Source)
at sun.reflect.DelegatingMethodAccessorImpl.invoke(Unknown Source)
at java.lang.reflect.Method.invoke(Unknown Source)
at org.testng.internal.MethodInvocationHelper.invokeMethod(MethodInvocationHelper.java:133)
at org.testng.internal.TestInvoker.invokeMethod(TestInvoker.java:584)
at org.testng.internal.TestInvoker.invokeTestMethod(TestInvoker.java:172)
at org.testng.internal.MethodRunner.runInSequence(MethodRunner.java:46)
at org.testng.internal.TestInvoker$MethodInvocationAgent.invoke(TestInvoker.java:804)
at org.testng.internal.TestInvoker.invokeTestMethods(TestInvoker.java:145)
at org.testng.internal.TestMethodWorker.invokeTestMethods(TestMethodWorker.java:146)
at org.testng.internal.TestMethodWorker.run(TestMethodWorker.java:128)
at java.util.ArrayList.forEach(Unknown Source)
at org.testng.TestRunner.privateRun(TestRunner.java:770)
at org.testng.TestRunner.run(TestRunner.java:591)
at org.testng.SuiteRunner.runTest(SuiteRunner.java:402)
at org.testng.SuiteRunner.runSequentially(SuiteRunner.java:396)
at org.testng.SuiteRunner.privateRun(SuiteRunner.java:355)
at org.testng.SuiteRunner.run(SuiteRunner.java:304)
at org.testng.SuiteRunnerWorker.runSuite(SuiteRunnerWorker.java:53)
at org.testng.SuiteRunnerWorker.run(SuiteRunnerWorker.java:96)
at org.testng.TestNG.runSuitesSequentially(TestNG.java:1180)
at org.testng.TestNG.runSuitesLocally(TestNG.java:1102)
at org.testng.TestNG.runSuites(TestNG.java:1032)
at org.testng.TestNG.run(TestNG.java:1000)
at org.testng.remote.AbstractRemoteTestNG.run(AbstractRemoteTestNG.java:115)
at org.testng.remote.RemoteTestNG.initAndRun(RemoteTestNG.java:251)
at org.testng.remote.RemoteTestNG.main(RemoteTestNG.java:77)
]]>
    </failure>
  </testcase> <!-- TC_C_SU_036 -->
  <testcase name="TC_C_SU_037_38_39" time="354.485" classname="com.share.testscript.Registration"/>
  <testcase name="TC_C_SU_037_38_39" time="342.364" classname="com.share.testscript.Registration"/>
  <testcase name="TC_C_SU_037_38_39" time="348.954" classname="com.share.testscript.Registration"/>
  <testcase name="TC_C_SU_037_38_39" time="354.574" classname="com.share.testscript.Registration"/>
  <testcase name="TC_C_SU_042" time="172.537" classname="com.share.testscript.Registration"/>
  <testcase name="TC_C_SU_043" time="277.159" classname="com.share.testscript.Registration"/>
  <testcase name="TC_C_SU_044" time="230.791" classname="com.share.testscript.Registration"/>
  <testcase name="TC_C_SU_045" time="102.327" classname="com.share.testscript.Registration"/>
  <testcase name="TC_C_SU_045" time="103.587" classname="com.share.testscript.Registration"/>
  <testcase name="TC_C_SU_045" time="223.271" classname="com.share.testscript.Registration"/>
  <testcase name="TC_C_SU_045" time="102.337" classname="com.share.testscript.Registration"/>
  <testcase name="TC_C_SU_047" time="332.261" classname="com.share.testscript.Registration"/>
  <testcase name="TC_C_SU_048" time="340.204" classname="com.share.testscript.Registration"/>
  <testcase name="TC_C_SU_049" time="331.516" classname="com.share.testscript.Registration"/>
</testsuite> <!-- Default test -->
