<?xml version="1.0" encoding="UTF-8"?>
<!-- Generated by org.testng.reporters.JUnitReportReporter -->
<testsuite skipped="0" hostname="THSLT10138" name="com.share.testscript.Registration" tests="52" failures="0" timestamp="2020-06-30T23:05:25 IST" time="9723.767" errors="3">
  <testcase name="TC_C_SU_025" time="327.540" classname="com.share.testscript.Registration"/>
  <testcase name="TC_C_SU_027_to_33" time="326.774" classname="com.share.testscript.Registration"/>
  <testcase name="TC_C_SU_037_38_39" time="356.805" classname="com.share.testscript.Registration"/>
  <testcase name="TC_C_SU_015_to_017_021" time="44.799" classname="com.share.testscript.Registration"/>
  <testcase name="TC_C_SU_015_to_017_021" time="41.264" classname="com.share.testscript.Registration"/>
  <testcase name="TC_C_SU_035" time="327.594" classname="com.share.testscript.Registration"/>
  <testcase name="TC_C_SU_018_to_020_022" time="60.727" classname="com.share.testscript.Registration"/>
  <testcase name="TC_C_SU_023" time="327.059" classname="com.share.testscript.Registration"/>
  <testcase name="TC_C_SU_018_to_020_022" time="63.211" classname="com.share.testscript.Registration"/>
  <testcase name="TC_C_SU_006_007_010_011" time="96.503" classname="com.share.testscript.Registration"/>
  <testcase name="TC_C_SU_042" time="174.787" classname="com.share.testscript.Registration"/>
  <testcase name="TC_C_SU_027_to_33" time="329.760" classname="com.share.testscript.Registration"/>
  <testcase name="TC_C_SU_044" time="232.606" classname="com.share.testscript.Registration"/>
  <testcase name="TC_C_SU_034" time="329.804" classname="com.share.testscript.Registration"/>
  <testcase name="TC_C_SU_037_38_39" time="356.531" classname="com.share.testscript.Registration"/>
  <testcase name="TC_C_SU_045" time="225.661" classname="com.share.testscript.Registration"/>
  <testcase name="TC_C_SU_005" time="94.345" classname="com.share.testscript.Registration"/>
  <testcase name="TC_C_SU_043" time="282.411" classname="com.share.testscript.Registration"/>
  <testcase name="TC_C_SU_009" time="19.710" classname="com.share.testscript.Registration"/>
  <testcase name="TC_C_SU_045" time="105.703" classname="com.share.testscript.Registration"/>
  <testcase name="TC_C_SU_008" time="349.613" classname="com.share.testscript.Registration">
    <error type="java.lang.NullPointerException">
      <![CDATA[java.lang.NullPointerException
at java.util.regex.Matcher.getTextLength(Unknown Source)
at java.util.regex.Matcher.reset(Unknown Source)
at java.util.regex.Matcher.<init>(Unknown Source)
at java.util.regex.Pattern.matcher(Unknown Source)
at com.aventstack.extentreports.utils.ExceptionUtil.getExceptionHeadline(ExceptionUtil.java:25)
at com.aventstack.extentreports.ExtentTest.log(ExtentTest.java:399)
at com.aventstack.extentreports.ExtentTest.log(ExtentTest.java:418)
at com.share.testscript.Registration.TC_C_SU_008(Registration.java:243)
at sun.reflect.NativeMethodAccessorImpl.invoke0(Native Method)
at sun.reflect.NativeMethodAccessorImpl.invoke(Unknown Source)
at sun.reflect.DelegatingMethodAccessorImpl.invoke(Unknown Source)
at java.lang.reflect.Method.invoke(Unknown Source)
at org.testng.internal.MethodInvocationHelper.invokeMethod(MethodInvocationHelper.java:133)
at org.testng.internal.TestInvoker.invokeMethod(TestInvoker.java:584)
at org.testng.internal.TestInvoker.invokeTestMethod(TestInvoker.java:172)
at org.testng.internal.MethodRunner.runInSequence(MethodRunner.java:46)
at org.testng.internal.TestInvoker$MethodInvocationAgent.invoke(TestInvoker.java:804)
at org.testng.internal.TestInvoker.invokeTestMethods(TestInvoker.java:145)
at org.testng.internal.TestMethodWorker.invokeTestMethods(TestMethodWorker.java:146)
at org.testng.internal.TestMethodWorker.run(TestMethodWorker.java:128)
at java.util.ArrayList.forEach(Unknown Source)
at org.testng.TestRunner.privateRun(TestRunner.java:770)
at org.testng.TestRunner.run(TestRunner.java:591)
at org.testng.SuiteRunner.runTest(SuiteRunner.java:402)
at org.testng.SuiteRunner.runSequentially(SuiteRunner.java:396)
at org.testng.SuiteRunner.privateRun(SuiteRunner.java:355)
at org.testng.SuiteRunner.run(SuiteRunner.java:304)
at org.testng.SuiteRunnerWorker.runSuite(SuiteRunnerWorker.java:53)
at org.testng.SuiteRunnerWorker.run(SuiteRunnerWorker.java:96)
at org.testng.TestNG.runSuitesSequentially(TestNG.java:1180)
at org.testng.TestNG.runSuitesLocally(TestNG.java:1102)
at org.testng.TestNG.runSuites(TestNG.java:1032)
at org.testng.TestNG.run(TestNG.java:1000)
at org.testng.remote.AbstractRemoteTestNG.run(AbstractRemoteTestNG.java:115)
at org.testng.remote.RemoteTestNG.initAndRun(RemoteTestNG.java:251)
at org.testng.remote.RemoteTestNG.main(RemoteTestNG.java:77)
]]>
    </error>
  </testcase> <!-- TC_C_SU_008 -->
  <testcase name="TC_C_SU_015_to_017_021" time="39.511" classname="com.share.testscript.Registration"/>
  <testcase name="TC_C_SU_048" time="342.002" classname="com.share.testscript.Registration"/>
  <testcase name="TC_C_SU_018_to_020_022" time="49.804" classname="com.share.testscript.Registration"/>
  <testcase name="TC_C_SU_027_to_33" time="331.117" classname="com.share.testscript.Registration"/>
  <testcase name="TC_C_SU_006_007_010_011" time="86.423" classname="com.share.testscript.Registration"/>
  <testcase name="TC_C_SU_027_to_33" time="329.526" classname="com.share.testscript.Registration"/>
  <testcase name="TC_C_SU_015_to_017_021" time="38.480" classname="com.share.testscript.Registration"/>
  <testcase name="TC_C_SU_013" time="82.409" classname="com.share.testscript.Registration"/>
  <testcase name="TC_C_SU_012" time="132.754" classname="com.share.testscript.Registration">
    <error type="java.lang.NullPointerException">
      <![CDATA[java.lang.NullPointerException
at java.util.regex.Matcher.getTextLength(Unknown Source)
at java.util.regex.Matcher.reset(Unknown Source)
at java.util.regex.Matcher.<init>(Unknown Source)
at java.util.regex.Pattern.matcher(Unknown Source)
at com.aventstack.extentreports.utils.ExceptionUtil.getExceptionHeadline(ExceptionUtil.java:25)
at com.aventstack.extentreports.ExtentTest.log(ExtentTest.java:399)
at com.aventstack.extentreports.ExtentTest.log(ExtentTest.java:418)
at com.share.testscript.Registration.TC_C_SU_012(Registration.java:331)
at sun.reflect.NativeMethodAccessorImpl.invoke0(Native Method)
at sun.reflect.NativeMethodAccessorImpl.invoke(Unknown Source)
at sun.reflect.DelegatingMethodAccessorImpl.invoke(Unknown Source)
at java.lang.reflect.Method.invoke(Unknown Source)
at org.testng.internal.MethodInvocationHelper.invokeMethod(MethodInvocationHelper.java:133)
at org.testng.internal.TestInvoker.invokeMethod(TestInvoker.java:584)
at org.testng.internal.TestInvoker.invokeTestMethod(TestInvoker.java:172)
at org.testng.internal.MethodRunner.runInSequence(MethodRunner.java:46)
at org.testng.internal.TestInvoker$MethodInvocationAgent.invoke(TestInvoker.java:804)
at org.testng.internal.TestInvoker.invokeTestMethods(TestInvoker.java:145)
at org.testng.internal.TestMethodWorker.invokeTestMethods(TestMethodWorker.java:146)
at org.testng.internal.TestMethodWorker.run(TestMethodWorker.java:128)
at java.util.ArrayList.forEach(Unknown Source)
at org.testng.TestRunner.privateRun(TestRunner.java:770)
at org.testng.TestRunner.run(TestRunner.java:591)
at org.testng.SuiteRunner.runTest(SuiteRunner.java:402)
at org.testng.SuiteRunner.runSequentially(SuiteRunner.java:396)
at org.testng.SuiteRunner.privateRun(SuiteRunner.java:355)
at org.testng.SuiteRunner.run(SuiteRunner.java:304)
at org.testng.SuiteRunnerWorker.runSuite(SuiteRunnerWorker.java:53)
at org.testng.SuiteRunnerWorker.run(SuiteRunnerWorker.java:96)
at org.testng.TestNG.runSuitesSequentially(TestNG.java:1180)
at org.testng.TestNG.runSuitesLocally(TestNG.java:1102)
at org.testng.TestNG.runSuites(TestNG.java:1032)
at org.testng.TestNG.run(TestNG.java:1000)
at org.testng.remote.AbstractRemoteTestNG.run(AbstractRemoteTestNG.java:115)
at org.testng.remote.RemoteTestNG.initAndRun(RemoteTestNG.java:251)
at org.testng.remote.RemoteTestNG.main(RemoteTestNG.java:77)
]]>
    </error>
  </testcase> <!-- TC_C_SU_012 -->
  <testcase name="TC_C_SU_037_38_39" time="353.019" classname="com.share.testscript.Registration"/>
  <testcase name="TC_C_SU_018_to_020_022" time="54.283" classname="com.share.testscript.Registration"/>
  <testcase name="TC_C_SU_037_38_39" time="344.648" classname="com.share.testscript.Registration"/>
  <testcase name="TC_C_SU_015_to_017_021" time="52.814" classname="com.share.testscript.Registration"/>
  <testcase name="TC_C_SU_018_to_020_022" time="50.748" classname="com.share.testscript.Registration"/>
  <testcase name="TC_C_SU_006_007_010_011" time="90.331" classname="com.share.testscript.Registration"/>
  <testcase name="TC_C_SU_036" time="259.158" classname="com.share.testscript.Registration">
    <error type="java.lang.NullPointerException">
      <![CDATA[java.lang.NullPointerException
at java.util.regex.Matcher.getTextLength(Unknown Source)
at java.util.regex.Matcher.reset(Unknown Source)
at java.util.regex.Matcher.<init>(Unknown Source)
at java.util.regex.Pattern.matcher(Unknown Source)
at com.aventstack.extentreports.utils.ExceptionUtil.getExceptionHeadline(ExceptionUtil.java:25)
at com.aventstack.extentreports.ExtentTest.log(ExtentTest.java:399)
at com.aventstack.extentreports.ExtentTest.log(ExtentTest.java:418)
at com.share.testscript.Registration.TC_C_SU_036(Registration.java:974)
at sun.reflect.NativeMethodAccessorImpl.invoke0(Native Method)
at sun.reflect.NativeMethodAccessorImpl.invoke(Unknown Source)
at sun.reflect.DelegatingMethodAccessorImpl.invoke(Unknown Source)
at java.lang.reflect.Method.invoke(Unknown Source)
at org.testng.internal.MethodInvocationHelper.invokeMethod(MethodInvocationHelper.java:133)
at org.testng.internal.TestInvoker.invokeMethod(TestInvoker.java:584)
at org.testng.internal.TestInvoker.invokeTestMethod(TestInvoker.java:172)
at org.testng.internal.MethodRunner.runInSequence(MethodRunner.java:46)
at org.testng.internal.TestInvoker$MethodInvocationAgent.invoke(TestInvoker.java:804)
at org.testng.internal.TestInvoker.invokeTestMethods(TestInvoker.java:145)
at org.testng.internal.TestMethodWorker.invokeTestMethods(TestMethodWorker.java:146)
at org.testng.internal.TestMethodWorker.run(TestMethodWorker.java:128)
at java.util.ArrayList.forEach(Unknown Source)
at org.testng.TestRunner.privateRun(TestRunner.java:770)
at org.testng.TestRunner.run(TestRunner.java:591)
at org.testng.SuiteRunner.runTest(SuiteRunner.java:402)
at org.testng.SuiteRunner.runSequentially(SuiteRunner.java:396)
at org.testng.SuiteRunner.privateRun(SuiteRunner.java:355)
at org.testng.SuiteRunner.run(SuiteRunner.java:304)
at org.testng.SuiteRunnerWorker.runSuite(SuiteRunnerWorker.java:53)
at org.testng.SuiteRunnerWorker.run(SuiteRunnerWorker.java:96)
at org.testng.TestNG.runSuitesSequentially(TestNG.java:1180)
at org.testng.TestNG.runSuitesLocally(TestNG.java:1102)
at org.testng.TestNG.runSuites(TestNG.java:1032)
at org.testng.TestNG.run(TestNG.java:1000)
at org.testng.remote.AbstractRemoteTestNG.run(AbstractRemoteTestNG.java:115)
at org.testng.remote.RemoteTestNG.initAndRun(RemoteTestNG.java:251)
at org.testng.remote.RemoteTestNG.main(RemoteTestNG.java:77)
]]>
    </error>
  </testcase> <!-- TC_C_SU_036 -->
  <testcase name="TC_C_SU_014" time="87.015" classname="com.share.testscript.Registration"/>
  <testcase name="TC_C_SU_045" time="109.764" classname="com.share.testscript.Registration"/>
  <testcase name="TC_C_SU_018_to_020_022" time="55.282" classname="com.share.testscript.Registration"/>
  <testcase name="TC_C_SU_045" time="103.782" classname="com.share.testscript.Registration"/>
  <testcase name="TC_C_SU_015_to_017_021" time="43.314" classname="com.share.testscript.Registration"/>
  <testcase name="TC_C_SU_047" time="333.670" classname="com.share.testscript.Registration"/>
  <testcase name="TC_C_SU_027_to_33" time="329.192" classname="com.share.testscript.Registration"/>
  <testcase name="TC_C_SU_027_to_33" time="333.464" classname="com.share.testscript.Registration"/>
  <testcase name="TC_C_SU_049" time="333.585" classname="com.share.testscript.Registration"/>
  <testcase name="TC_C_SU_006_007_010_011" time="84.508" classname="com.share.testscript.Registration"/>
  <testcase name="TC_C_SU_001_004" time="51.244" classname="com.share.testscript.Registration"/>
  <testcase name="TC_C_SU_006_007_010_011" time="87.215" classname="com.share.testscript.Registration"/>
  <testcase name="TC_C_SU_024" time="336.591" classname="com.share.testscript.Registration"/>
  <testcase name="TC_C_SU_006_007_010_011" time="95.888" classname="com.share.testscript.Registration"/>
  <testcase name="TC_C_SU_003" time="229.019" classname="com.share.testscript.Registration"/>
</testsuite> <!-- com.share.testscript.Registration -->
