<?xml version="1.0" encoding="UTF-8"?>
<!-- Generated by org.testng.reporters.JUnitXMLReporter -->
<testsuite hostname="THSLT10138" ignored="18" name="Regression" tests="95" failures="5" timestamp="2020-09-06T13:46:21 IST" time="5143.569" errors="0">
  <testcase name="TC_SplashScreen_001_002" time="24.536" classname="com.share.testscript.SplashScreen"/>
  <testcase name="NeedHelp_001" time="25.207" classname="com.share.testscript.NeedHelp"/>
  <testcase name="NeedHelp_002" time="79.579" classname="com.share.testscript.NeedHelp">
    <failure type="java.lang.AssertionError" message="Error message is not shown">
      <![CDATA[java.lang.AssertionError: Error message is not shown
at com.share.testscript.NeedHelp.NeedHelp_002(NeedHelp.java:272)
at java.util.ArrayList.forEach(Unknown Source)
... Removed 28 stack frames]]>
    </failure>
  </testcase> <!-- NeedHelp_002 -->
  <testcase name="NeedHelp_003" time="33.886" classname="com.share.testscript.NeedHelp"/>
  <testcase name="NeedHelp_004" time="34.608" classname="com.share.testscript.NeedHelp"/>
  <testcase name="NeedHelp_005" time="38.214" classname="com.share.testscript.NeedHelp"/>
  <testcase name="NeedHelp_006" time="38.302" classname="com.share.testscript.NeedHelp"/>
  <testcase name="TC_Registration_001" time="28.293" classname="com.share.testscript.Registration"/>
  <testcase name="TC_Registration_002" time="29.221" classname="com.share.testscript.Registration"/>
  <testcase name="TC_Registration_003_to_008" time="26.732" classname="com.share.testscript.Registration"/>
  <testcase name="TC_Registration_003_to_008" time="25.548" classname="com.share.testscript.Registration"/>
  <testcase name="TC_Registration_003_to_008" time="23.238" classname="com.share.testscript.Registration"/>
  <testcase name="TC_Registration_003_to_008" time="24.724" classname="com.share.testscript.Registration"/>
  <testcase name="TC_Registration_003_to_008" time="49.751" classname="com.share.testscript.Registration"/>
  <testcase name="TC_Registration_003_to_008" time="48.175" classname="com.share.testscript.Registration"/>
  <testcase name="TC_Registration_009" time="46.647" classname="com.share.testscript.Registration"/>
  <testcase name="TC_Registration_010" time="22.953" classname="com.share.testscript.Registration"/>
  <testcase name="TC_Registration_011" time="48.896" classname="com.share.testscript.Registration"/>
  <testcase name="TC_Registration_012" time="24.86" classname="com.share.testscript.Registration"/>
  <testcase name="TC_Registration_013" time="14.667" classname="com.share.testscript.Registration"/>
  <testcase name="TC_Registration_014" time="23.179" classname="com.share.testscript.Registration"/>
  <testcase name="TC_Registration_015_to_020" time="88.999" classname="com.share.testscript.Registration"/>
  <testcase name="TC_Registration_015_to_020" time="31.601" classname="com.share.testscript.Registration"/>
  <testcase name="TC_Registration_015_to_020" time="28.72" classname="com.share.testscript.Registration"/>
  <testcase name="TC_Registration_015_to_020" time="31.239" classname="com.share.testscript.Registration"/>
  <testcase name="TC_Registration_015_to_020" time="27.789" classname="com.share.testscript.Registration"/>
  <testcase name="TC_Registration_015_to_020" time="29.583" classname="com.share.testscript.Registration"/>
  <testcase name="TC_Registration_021_to_026" time="28.892" classname="com.share.testscript.Registration"/>
  <testcase name="TC_Registration_021_to_026" time="27.865" classname="com.share.testscript.Registration"/>
  <testcase name="TC_Registration_021_to_026" time="27.897" classname="com.share.testscript.Registration"/>
  <testcase name="TC_Registration_021_to_026" time="29.3" classname="com.share.testscript.Registration"/>
  <testcase name="TC_Registration_021_to_026" time="29.023" classname="com.share.testscript.Registration"/>
  <testcase name="TC_Registration_021_to_026" time="28.437" classname="com.share.testscript.Registration"/>
  <testcase name="TC_Registration_027_to_030" time="26.766" classname="com.share.testscript.Registration"/>
  <testcase name="TC_Registration_027_to_030" time="30.801" classname="com.share.testscript.Registration"/>
  <testcase name="TC_Registration_027_to_030" time="88.633" classname="com.share.testscript.Registration"/>
  <testcase name="TC_Registration_027_to_030" time="30.016" classname="com.share.testscript.Registration"/>
  <testcase name="TC_Registration_031_to_034" time="97.213" classname="com.share.testscript.Registration"/>
  <testcase name="TC_Registration_031_to_034" time="161.782" classname="com.share.testscript.Registration"/>
  <testcase name="TC_Registration_031_to_034" time="221.556" classname="com.share.testscript.Registration"/>
  <testcase name="TC_Registration_031_to_034" time="218.121" classname="com.share.testscript.Registration"/>
  <testcase name="TC_Registration_035_to_040" time="29.729" classname="com.share.testscript.Registration"/>
  <testcase name="TC_Registration_035_to_040" time="38.633" classname="com.share.testscript.Registration"/>
  <testcase name="TC_Registration_035_to_040" time="29.491" classname="com.share.testscript.Registration"/>
  <testcase name="TC_Registration_035_to_040" time="28.809" classname="com.share.testscript.Registration"/>
  <testcase name="TC_Registration_035_to_040" time="29.617" classname="com.share.testscript.Registration"/>
  <testcase name="TC_Registration_035_to_040" time="30.571" classname="com.share.testscript.Registration"/>
  <testcase name="TC_Registration_041" time="37.574" classname="com.share.testscript.Registration"/>
  <testcase name="TC_Registration_042" time="30.98" classname="com.share.testscript.Registration"/>
  <testcase name="TC_Registration_043" time="42.158" classname="com.share.testscript.Registration"/>
  <testcase name="TC_Registration_044" time="57.446" classname="com.share.testscript.Registration"/>
  <testcase name="TC_Registration_045" time="35.586" classname="com.share.testscript.Registration"/>
  <testcase name="TC_Registration_046" time="31.965" classname="com.share.testscript.Registration"/>
  <testcase name="TC_Registration_047" time="43.146" classname="com.share.testscript.Registration"/>
  <testcase name="TC_Registration_048" time="126.481" classname="com.share.testscript.Registration"/>
  <testcase name="TC_Registration_049" time="55.036" classname="com.share.testscript.Registration"/>
  <testcase name="TC_Registration_050" time="27.606" classname="com.share.testscript.Registration"/>
  <testcase name="TC_Registration_051" time="217.284" classname="com.share.testscript.Registration"/>
  <testcase name="TC_Registration_052" time="45.2" classname="com.share.testscript.Registration"/>
  <testcase name="TC_Registration_053" time="44.17" classname="com.share.testscript.Registration"/>
  <testcase name="TC_SignIn_015" time="17.509" classname="com.share.testscript.SignIn"/>
  <testcase name="TC_SignIn_009_to_014" time="10.254" classname="com.share.testscript.SignIn"/>
  <testcase name="TC_SignIn_009_to_014" time="8.156" classname="com.share.testscript.SignIn"/>
  <testcase name="TC_SignIn_009_to_014" time="7.577" classname="com.share.testscript.SignIn"/>
  <testcase name="TC_SignIn_009_to_014" time="12.517" classname="com.share.testscript.SignIn"/>
  <testcase name="TC_SignIn_009_to_014" time="7.891" classname="com.share.testscript.SignIn"/>
  <testcase name="TC_SignIn_009_to_014" time="11.367" classname="com.share.testscript.SignIn"/>
  <testcase name="TC_SignIn_008" time="17.726" classname="com.share.testscript.SignIn"/>
  <testcase name="TC_SignIn_003_004" time="19.901" classname="com.share.testscript.SignIn"/>
  <testcase name="TC_SignIn_005" time="24.742" classname="com.share.testscript.SignIn"/>
  <testcase name="TC_SignIn_001_002_007" time="81.115" classname="com.share.testscript.SignIn"/>
  <testcase name="TC_SharePay_001_002" time="37.036" classname="com.share.testscript.SharePay"/>
  <testcase name="TC_SharePay_003" time="7.504" classname="com.share.testscript.SharePay"/>
  <testcase name="TC_SharePay_009_to_010" time="11.268" classname="com.share.testscript.SharePay"/>
  <testcase name="TC_SharePay_013_014" time="20.999" classname="com.share.testscript.SharePay"/>
  <testcase name="TC_SharePay_011_012" time="18.529" classname="com.share.testscript.SharePay"/>
  <testcase name="TC_SharePay_004_to_008" time="23.729" classname="com.share.testscript.SharePay"/>
  <testcase name="TC_SharePay_018" time="14.664" classname="com.share.testscript.SharePay"/>
  <testcase name="TC_SharePay_015_to_017" time="14.097" classname="com.share.testscript.SharePay"/>
  <testcase name="TC_SharePay_019" time="103.166" classname="com.share.testscript.SharePay"/>
  <testcase name="TC_SharePay_020" time="44.777" classname="com.share.testscript.SharePay"/>
  <testcase name="TC_SharePay_021_022_023_024" time="142.145" classname="com.share.testscript.SharePay"/>
  <testcase name="TC_SharePay_025_026_027" time="146.353" classname="com.share.testscript.SharePay"/>
  <testcase name="TC_Assistant_001_002" time="82.403" classname="com.share.testscript.Assistant"/>
  <testcase name="TC_Assistant_003" time="364.359" classname="com.share.testscript.Assistant"/>
  <testcase name="TC_Assistant_004_005" time="126.081" classname="com.share.testscript.Assistant">
    <failure type="java.lang.AssertionError" message="Can&amp;apos;t locate an element by this strategy: By.chained({By.xpath: //android.widget.TextView[@text=&amp;apos;SHARE POINTS&amp;apos;]})">
      <![CDATA[java.lang.AssertionError: Can't locate an element by this strategy: By.chained({By.xpath: //android.widget.TextView[@text='SHARE POINTS']})
at com.share.testscript.Assistant.TC_Assistant_004_005(Assistant.java:600)
at java.util.ArrayList.forEach(Unknown Source)
... Removed 28 stack frames]]>
    </failure>
  </testcase> <!-- TC_Assistant_004_005 -->
  <testcase name="TC_Assistant_006_007" time="122.523" classname="com.share.testscript.Assistant">
    <failure type="java.lang.AssertionError" message="Can&amp;apos;t locate an element by this strategy: By.chained({By.xpath: //android.widget.TextView[@text=&amp;apos;Where to use SHARE&amp;apos;]})">
      <![CDATA[java.lang.AssertionError: Can't locate an element by this strategy: By.chained({By.xpath: //android.widget.TextView[@text='Where to use SHARE']})
at com.share.testscript.Assistant.TC_Assistant_006_007(Assistant.java:830)
at java.util.ArrayList.forEach(Unknown Source)
... Removed 28 stack frames]]>
    </failure>
  </testcase> <!-- TC_Assistant_006_007 -->
  <testcase name="TC_Assistant_008_009_010" time="83.907" classname="com.share.testscript.Assistant"/>
  <testcase name="TC_Assistant_010" time="128.671" classname="com.share.testscript.Assistant">
    <failure type="java.lang.AssertionError" message="Search Result Not Displayed">
      <![CDATA[java.lang.AssertionError: Search Result Not Displayed
at com.share.testscript.Assistant.TC_Assistant_010(Assistant.java:1054)
at java.util.ArrayList.forEach(Unknown Source)
... Removed 28 stack frames]]>
    </failure>
  </testcase> <!-- TC_Assistant_010 -->
  <testcase name="TC_Assistant_011" time="61.794" classname="com.share.testscript.Assistant">
    <failure type="java.lang.AssertionError" message="Search Icon Not Displayed">
      <![CDATA[java.lang.AssertionError: Search Icon Not Displayed
at com.share.testscript.Assistant.TC_Assistant_011(Assistant.java:1153)
at java.util.ArrayList.forEach(Unknown Source)
... Removed 28 stack frames]]>
    </failure>
  </testcase> <!-- TC_Assistant_011 -->
  <testcase name="TC_Assistant_012" time="66.168" classname="com.share.testscript.Assistant"/>
  <testcase name="TC_Transactions_01_02_04" time="89.995" classname="com.share.testscript.Transactions"/>
  <testcase name="TC_Transactions_03" time="63.6" classname="com.share.testscript.Transactions"/>
  <testcase name="TC_Transactions_05" time="77.21" classname="com.share.testscript.Transactions"/>
  <testcase name="TC_Transactions_06" time="4.01" classname="com.share.testscript.Transactions"/>
  <testcase name="@BeforeSuite SetUp" time="0.0" classname="com.share.general.DriverSetUp">
    <ignored/>
  </testcase> <!-- @BeforeSuite SetUp -->
  <testcase name="@BeforeSuite SetUp" time="0.0" classname="com.share.general.DriverSetUp">
    <ignored/>
  </testcase> <!-- @BeforeSuite SetUp -->
  <testcase name="@BeforeSuite SetUp" time="0.0" classname="com.share.general.DriverSetUp">
    <ignored/>
  </testcase> <!-- @BeforeSuite SetUp -->
  <testcase name="@BeforeSuite SetUp" time="0.0" classname="com.share.general.DriverSetUp">
    <ignored/>
  </testcase> <!-- @BeforeSuite SetUp -->
  <testcase name="@BeforeSuite SetUp" time="0.0" classname="com.share.general.DriverSetUp">
    <ignored/>
  </testcase> <!-- @BeforeSuite SetUp -->
  <testcase name="@BeforeSuite SetUp" time="0.0" classname="com.share.general.DriverSetUp">
    <ignored/>
  </testcase> <!-- @BeforeSuite SetUp -->
  <testcase name="@BeforeTest CreateDriver" time="0.0" classname="com.share.general.DriverSetUp">
    <ignored/>
  </testcase> <!-- @BeforeTest CreateDriver -->
  <testcase name="@BeforeTest CreateDriver" time="0.0" classname="com.share.general.DriverSetUp">
    <ignored/>
  </testcase> <!-- @BeforeTest CreateDriver -->
  <testcase name="@BeforeTest CreateDriver" time="0.0" classname="com.share.general.DriverSetUp">
    <ignored/>
  </testcase> <!-- @BeforeTest CreateDriver -->
  <testcase name="@BeforeTest CreateDriver" time="0.0" classname="com.share.general.DriverSetUp">
    <ignored/>
  </testcase> <!-- @BeforeTest CreateDriver -->
  <testcase name="@BeforeTest CreateDriver" time="0.0" classname="com.share.general.DriverSetUp">
    <ignored/>
  </testcase> <!-- @BeforeTest CreateDriver -->
  <testcase name="@BeforeTest CreateDriver" time="0.0" classname="com.share.general.DriverSetUp">
    <ignored/>
  </testcase> <!-- @BeforeTest CreateDriver -->
  <testcase name="@AfterSuite reportClose" time="0.0" classname="com.share.general.DriverSetUp">
    <ignored/>
  </testcase> <!-- @AfterSuite reportClose -->
  <testcase name="@AfterSuite reportClose" time="0.0" classname="com.share.general.DriverSetUp">
    <ignored/>
  </testcase> <!-- @AfterSuite reportClose -->
  <testcase name="@AfterSuite reportClose" time="0.0" classname="com.share.general.DriverSetUp">
    <ignored/>
  </testcase> <!-- @AfterSuite reportClose -->
  <testcase name="@AfterSuite reportClose" time="0.0" classname="com.share.general.DriverSetUp">
    <ignored/>
  </testcase> <!-- @AfterSuite reportClose -->
  <testcase name="@AfterSuite reportClose" time="0.0" classname="com.share.general.DriverSetUp">
    <ignored/>
  </testcase> <!-- @AfterSuite reportClose -->
  <testcase name="@AfterSuite reportClose" time="0.0" classname="com.share.general.DriverSetUp">
    <ignored/>
  </testcase> <!-- @AfterSuite reportClose -->
</testsuite> <!-- Regression -->
